mode: atomic
github.com/Convict3d/mcp-go/client/client.go:35.50,36.25 1 4
github.com/Convict3d/mcp-go/client/client.go:36.25,39.3 2 4
github.com/Convict3d/mcp-go/client/client.go:43.48,44.25 1 2
github.com/Convict3d/mcp-go/client/client.go:44.25,46.3 1 2
github.com/Convict3d/mcp-go/client/client.go:50.50,51.25 1 10
github.com/Convict3d/mcp-go/client/client.go:51.25,53.3 1 10
github.com/Convict3d/mcp-go/client/client.go:57.46,58.25 1 0
github.com/Convict3d/mcp-go/client/client.go:58.26,61.3 0 0
github.com/Convict3d/mcp-go/client/client.go:65.30,74.2 1 17
github.com/Convict3d/mcp-go/client/client.go:77.40,81.27 2 13
github.com/Convict3d/mcp-go/client/client.go:81.27,83.3 1 13
github.com/Convict3d/mcp-go/client/client.go:85.2,89.3 1 13
github.com/Convict3d/mcp-go/client/client.go:93.32,95.2 1 1
github.com/Convict3d/mcp-go/client/client.go:98.59,114.16 4 1
github.com/Convict3d/mcp-go/client/client.go:114.16,116.3 1 0
github.com/Convict3d/mcp-go/client/client.go:118.2,126.12 3 1
github.com/Convict3d/mcp-go/client/client.go:130.56,132.2 1 2
github.com/Convict3d/mcp-go/client/client.go:135.62,137.2 1 2
github.com/Convict3d/mcp-go/client/client.go:140.40,142.2 1 0
github.com/Convict3d/mcp-go/client/client.go:145.34,147.2 1 6
github.com/Convict3d/mcp-go/client/client.go:150.38,152.2 1 4
github.com/Convict3d/mcp-go/client/client.go:155.36,157.2 1 3
github.com/Convict3d/mcp-go/client/client.go:160.52,161.19 1 1
github.com/Convict3d/mcp-go/client/client.go:161.19,163.3 1 0
github.com/Convict3d/mcp-go/client/client.go:165.2,167.16 3 1
github.com/Convict3d/mcp-go/client/client.go:167.16,169.3 1 0
github.com/Convict3d/mcp-go/client/client.go:171.2,171.26 1 1
github.com/Convict3d/mcp-go/client/client.go:175.105,176.19 1 1
github.com/Convict3d/mcp-go/client/client.go:176.19,178.3 1 0
github.com/Convict3d/mcp-go/client/client.go:180.2,191.16 4 1
github.com/Convict3d/mcp-go/client/client.go:191.16,193.3 1 0
github.com/Convict3d/mcp-go/client/client.go:195.2,195.21 1 1
github.com/Convict3d/mcp-go/client/client.go:199.60,200.23 1 1
github.com/Convict3d/mcp-go/client/client.go:200.23,202.3 1 0
github.com/Convict3d/mcp-go/client/client.go:204.2,206.16 3 1
github.com/Convict3d/mcp-go/client/client.go:206.16,208.3 1 0
github.com/Convict3d/mcp-go/client/client.go:210.2,210.30 1 1
github.com/Convict3d/mcp-go/client/client.go:214.78,215.23 1 0
github.com/Convict3d/mcp-go/client/client.go:215.23,217.3 1 0
github.com/Convict3d/mcp-go/client/client.go:219.2,228.16 4 0
github.com/Convict3d/mcp-go/client/client.go:228.16,230.3 1 0
github.com/Convict3d/mcp-go/client/client.go:232.2,232.21 1 0
github.com/Convict3d/mcp-go/client/client.go:236.56,237.21 1 0
github.com/Convict3d/mcp-go/client/client.go:237.21,239.3 1 0
github.com/Convict3d/mcp-go/client/client.go:241.2,243.16 3 0
github.com/Convict3d/mcp-go/client/client.go:243.16,245.3 1 0
github.com/Convict3d/mcp-go/client/client.go:247.2,247.28 1 0
github.com/Convict3d/mcp-go/client/client.go:251.102,252.21 1 0
github.com/Convict3d/mcp-go/client/client.go:252.21,254.3 1 0
github.com/Convict3d/mcp-go/client/client.go:256.2,267.16 4 0
github.com/Convict3d/mcp-go/client/client.go:267.16,269.3 1 0
github.com/Convict3d/mcp-go/client/client.go:271.2,271.21 1 0
github.com/Convict3d/mcp-go/client/client.go:275.32,277.2 1 9
github.com/Convict3d/mcp-go/examples/playwright-http-real/main.go:21.80,23.23 1 0
github.com/Convict3d/mcp-go/examples/playwright-http-real/main.go:23.23,25.3 1 0
github.com/Convict3d/mcp-go/examples/playwright-http-real/main.go:27.2,28.16 2 0
github.com/Convict3d/mcp-go/examples/playwright-http-real/main.go:28.16,30.3 1 0
github.com/Convict3d/mcp-go/examples/playwright-http-real/main.go:33.2,33.66 1 0
github.com/Convict3d/mcp-go/examples/playwright-http-real/main.go:33.66,36.3 2 0
github.com/Convict3d/mcp-go/examples/playwright-http-real/main.go:39.2,39.38 1 0
github.com/Convict3d/mcp-go/examples/playwright-http-real/main.go:39.38,41.17 2 0
github.com/Convict3d/mcp-go/examples/playwright-http-real/main.go:41.17,43.4 1 0
github.com/Convict3d/mcp-go/examples/playwright-http-real/main.go:44.3,49.42 3 0
github.com/Convict3d/mcp-go/examples/playwright-http-real/main.go:49.42,52.31 2 0
github.com/Convict3d/mcp-go/examples/playwright-http-real/main.go:52.31,54.42 2 0
github.com/Convict3d/mcp-go/examples/playwright-http-real/main.go:54.42,56.48 2 0
github.com/Convict3d/mcp-go/examples/playwright-http-real/main.go:56.48,59.12 3 0
github.com/Convict3d/mcp-go/examples/playwright-http-real/main.go:63.9,65.4 1 0
github.com/Convict3d/mcp-go/examples/playwright-http-real/main.go:68.2,68.18 1 0
github.com/Convict3d/mcp-go/examples/playwright-http-real/main.go:71.13,102.16 10 0
github.com/Convict3d/mcp-go/examples/playwright-http-real/main.go:102.16,104.3 1 0
github.com/Convict3d/mcp-go/examples/playwright-http-real/main.go:106.2,109.77 2 0
github.com/Convict3d/mcp-go/examples/playwright-http-real/main.go:109.77,110.50 1 0
github.com/Convict3d/mcp-go/examples/playwright-http-real/main.go:110.50,112.57 2 0
github.com/Convict3d/mcp-go/examples/playwright-http-real/main.go:112.57,114.5 1 0
github.com/Convict3d/mcp-go/examples/playwright-http-real/main.go:115.4,115.17 1 0
github.com/Convict3d/mcp-go/examples/playwright-http-real/main.go:120.2,120.81 1 0
github.com/Convict3d/mcp-go/examples/playwright-http-real/main.go:120.81,122.49 2 0
github.com/Convict3d/mcp-go/examples/playwright-http-real/main.go:122.49,124.4 1 0
github.com/Convict3d/mcp-go/examples/playwright-http-real/main.go:124.9,126.4 1 0
github.com/Convict3d/mcp-go/examples/playwright-http-real/main.go:127.3,127.53 1 0
github.com/Convict3d/mcp-go/examples/playwright-http-real/main.go:127.53,129.4 1 0
github.com/Convict3d/mcp-go/examples/playwright-http-real/main.go:129.9,131.4 1 0
github.com/Convict3d/mcp-go/examples/playwright-http-real/main.go:132.3,132.51 1 0
github.com/Convict3d/mcp-go/examples/playwright-http-real/main.go:132.51,134.4 1 0
github.com/Convict3d/mcp-go/examples/playwright-http-real/main.go:134.9,136.4 1 0
github.com/Convict3d/mcp-go/examples/playwright-http-real/main.go:139.2,144.16 4 0
github.com/Convict3d/mcp-go/examples/playwright-http-real/main.go:144.16,150.3 5 0
github.com/Convict3d/mcp-go/examples/playwright-http-real/main.go:150.8,153.3 2 0
github.com/Convict3d/mcp-go/examples/playwright-http-real/main.go:155.2,166.16 4 0
github.com/Convict3d/mcp-go/examples/playwright-http-real/main.go:166.16,168.3 1 0
github.com/Convict3d/mcp-go/examples/playwright-http-real/main.go:168.8,171.89 3 0
github.com/Convict3d/mcp-go/examples/playwright-http-real/main.go:171.89,172.66 1 0
github.com/Convict3d/mcp-go/examples/playwright-http-real/main.go:172.66,173.53 1 0
github.com/Convict3d/mcp-go/examples/playwright-http-real/main.go:173.53,175.6 1 0
github.com/Convict3d/mcp-go/examples/playwright-http-real/main.go:180.3,186.17 3 0
github.com/Convict3d/mcp-go/examples/playwright-http-real/main.go:186.17,188.4 1 0
github.com/Convict3d/mcp-go/examples/playwright-http-real/main.go:188.9,190.82 2 0
github.com/Convict3d/mcp-go/examples/playwright-http-real/main.go:190.82,191.68 1 0
github.com/Convict3d/mcp-go/examples/playwright-http-real/main.go:191.68,192.84 1 0
github.com/Convict3d/mcp-go/examples/playwright-http-real/main.go:192.84,194.7 1 0
github.com/Convict3d/mcp-go/examples/playwright-http-real/main.go:200.2,224.76 21 0
github.com/Convict3d/mcp-go/examples/playwright-http-real/main.go:227.50,228.54 1 0
github.com/Convict3d/mcp-go/examples/playwright-http-real/main.go:228.54,230.30 2 0
github.com/Convict3d/mcp-go/examples/playwright-http-real/main.go:230.30,231.56 1 0
github.com/Convict3d/mcp-go/examples/playwright-http-real/main.go:231.56,232.49 1 0
github.com/Convict3d/mcp-go/examples/playwright-http-real/main.go:232.49,234.57 2 0
github.com/Convict3d/mcp-go/examples/playwright-http-real/main.go:234.57,236.7 1 0
github.com/Convict3d/mcp-go/examples/playwright-http-real/main.go:243.35,271.2 24 0
github.com/Convict3d/mcp-go/examples/basic/main.go:13.13,31.16 7 0
github.com/Convict3d/mcp-go/examples/basic/main.go:31.16,33.3 1 0
github.com/Convict3d/mcp-go/examples/basic/main.go:36.2,37.23 2 0
github.com/Convict3d/mcp-go/examples/basic/main.go:37.23,39.3 1 0
github.com/Convict3d/mcp-go/examples/basic/main.go:42.2,49.18 6 0
github.com/Convict3d/mcp-go/examples/basic/main.go:49.18,52.17 3 0
github.com/Convict3d/mcp-go/examples/basic/main.go:52.17,54.4 1 0
github.com/Convict3d/mcp-go/examples/basic/main.go:54.9,56.31 2 0
github.com/Convict3d/mcp-go/examples/basic/main.go:56.31,58.5 1 0
github.com/Convict3d/mcp-go/examples/basic/main.go:61.4,61.22 1 0
github.com/Convict3d/mcp-go/examples/basic/main.go:61.22,69.19 3 0
github.com/Convict3d/mcp-go/examples/basic/main.go:69.19,71.6 1 0
github.com/Convict3d/mcp-go/examples/basic/main.go:71.11,73.24 2 0
github.com/Convict3d/mcp-go/examples/basic/main.go:73.24,75.7 1 0
github.com/Convict3d/mcp-go/examples/basic/main.go:76.6,76.33 1 0
github.com/Convict3d/mcp-go/examples/basic/main.go:76.33,80.26 3 0
github.com/Convict3d/mcp-go/examples/basic/main.go:81.19,83.33 2 0
github.com/Convict3d/mcp-go/examples/basic/main.go:83.33,85.9 1 0
github.com/Convict3d/mcp-go/examples/basic/main.go:86.20,88.34 2 0
github.com/Convict3d/mcp-go/examples/basic/main.go:88.34,90.9 1 0
github.com/Convict3d/mcp-go/examples/basic/main.go:91.15,92.82 1 0
github.com/Convict3d/mcp-go/examples/basic/main.go:97.5,100.20 2 0
github.com/Convict3d/mcp-go/examples/basic/main.go:100.20,102.6 1 0
github.com/Convict3d/mcp-go/examples/basic/main.go:102.11,104.24 2 0
github.com/Convict3d/mcp-go/examples/basic/main.go:104.24,106.7 1 0
github.com/Convict3d/mcp-go/examples/basic/main.go:107.6,107.33 1 0
github.com/Convict3d/mcp-go/examples/basic/main.go:107.33,110.42 2 0
github.com/Convict3d/mcp-go/examples/basic/main.go:110.42,112.37 2 0
github.com/Convict3d/mcp-go/examples/basic/main.go:113.20,115.34 2 0
github.com/Convict3d/mcp-go/examples/basic/main.go:115.34,117.10 1 0
github.com/Convict3d/mcp-go/examples/basic/main.go:118.21,120.35 2 0
github.com/Convict3d/mcp-go/examples/basic/main.go:120.35,121.44 1 0
github.com/Convict3d/mcp-go/examples/basic/main.go:121.44,123.11 1 0
github.com/Convict3d/mcp-go/examples/basic/main.go:125.16,126.83 1 0
github.com/Convict3d/mcp-go/examples/basic/main.go:132.5,133.19 2 0
github.com/Convict3d/mcp-go/examples/basic/main.go:133.19,135.6 1 0
github.com/Convict3d/mcp-go/examples/basic/main.go:135.11,137.24 2 0
github.com/Convict3d/mcp-go/examples/basic/main.go:137.24,139.7 1 0
github.com/Convict3d/mcp-go/examples/basic/main.go:140.6,140.33 1 0
github.com/Convict3d/mcp-go/examples/basic/main.go:140.33,143.42 2 0
github.com/Convict3d/mcp-go/examples/basic/main.go:143.42,145.37 2 0
github.com/Convict3d/mcp-go/examples/basic/main.go:146.20,148.34 2 0
github.com/Convict3d/mcp-go/examples/basic/main.go:148.34,150.10 1 0
github.com/Convict3d/mcp-go/examples/basic/main.go:151.21,153.35 2 0
github.com/Convict3d/mcp-go/examples/basic/main.go:153.35,154.44 1 0
github.com/Convict3d/mcp-go/examples/basic/main.go:154.44,156.11 1 0
github.com/Convict3d/mcp-go/examples/basic/main.go:158.16,159.83 1 0
github.com/Convict3d/mcp-go/examples/basic/main.go:165.5,169.19 2 0
github.com/Convict3d/mcp-go/examples/basic/main.go:169.19,171.6 1 0
github.com/Convict3d/mcp-go/examples/basic/main.go:171.11,173.24 2 0
github.com/Convict3d/mcp-go/examples/basic/main.go:173.24,175.7 1 0
github.com/Convict3d/mcp-go/examples/basic/main.go:176.6,176.33 1 0
github.com/Convict3d/mcp-go/examples/basic/main.go:176.33,179.42 2 0
github.com/Convict3d/mcp-go/examples/basic/main.go:179.42,181.37 2 0
github.com/Convict3d/mcp-go/examples/basic/main.go:182.20,184.34 2 0
github.com/Convict3d/mcp-go/examples/basic/main.go:184.34,186.10 1 0
github.com/Convict3d/mcp-go/examples/basic/main.go:187.21,189.35 2 0
github.com/Convict3d/mcp-go/examples/basic/main.go:189.35,190.44 1 0
github.com/Convict3d/mcp-go/examples/basic/main.go:190.44,192.11 1 0
github.com/Convict3d/mcp-go/examples/basic/main.go:194.16,195.83 1 0
github.com/Convict3d/mcp-go/examples/basic/main.go:205.2,205.22 1 0
github.com/Convict3d/mcp-go/examples/basic/main.go:205.22,208.17 3 0
github.com/Convict3d/mcp-go/examples/basic/main.go:208.17,210.4 1 0
github.com/Convict3d/mcp-go/examples/basic/main.go:210.9,212.39 2 0
github.com/Convict3d/mcp-go/examples/basic/main.go:212.39,214.5 1 0
github.com/Convict3d/mcp-go/examples/basic/main.go:219.2,219.20 1 0
github.com/Convict3d/mcp-go/examples/basic/main.go:219.20,222.17 3 0
github.com/Convict3d/mcp-go/examples/basic/main.go:222.17,224.4 1 0
github.com/Convict3d/mcp-go/examples/basic/main.go:224.9,226.35 2 0
github.com/Convict3d/mcp-go/examples/basic/main.go:226.35,228.5 1 0
github.com/Convict3d/mcp-go/examples/basic/main.go:233.2,234.16 2 0
github.com/Convict3d/mcp-go/examples/basic/main.go:234.16,236.3 1 0
github.com/Convict3d/mcp-go/examples/basic/main.go:238.2,239.73 2 0
github.com/Convict3d/mcp-go/transport/http/http.go:21.79,27.2 1 11
github.com/Convict3d/mcp-go/transport/http/http.go:30.80,32.23 1 5
github.com/Convict3d/mcp-go/transport/http/http.go:32.23,34.3 1 1
github.com/Convict3d/mcp-go/transport/http/http.go:36.2,37.16 2 5
github.com/Convict3d/mcp-go/transport/http/http.go:37.16,39.3 1 0
github.com/Convict3d/mcp-go/transport/http/http.go:42.2,42.69 1 5
github.com/Convict3d/mcp-go/transport/http/http.go:42.69,44.3 1 2
github.com/Convict3d/mcp-go/transport/http/http.go:47.2,47.76 1 5
github.com/Convict3d/mcp-go/transport/http/http.go:47.76,49.17 2 1
github.com/Convict3d/mcp-go/transport/http/http.go:49.17,52.4 2 0
github.com/Convict3d/mcp-go/transport/http/http.go:53.3,53.19 1 1
github.com/Convict3d/mcp-go/transport/http/http.go:56.2,56.18 1 5
github.com/Convict3d/mcp-go/transport/http/http.go:60.56,62.2 1 3
github.com/Convict3d/mcp-go/transport/http/http.go:65.94,69.16 3 5
github.com/Convict3d/mcp-go/transport/http/http.go:69.16,71.3 1 0
github.com/Convict3d/mcp-go/transport/http/http.go:73.2,76.29 3 5
github.com/Convict3d/mcp-go/transport/http/http.go:76.29,78.40 2 25
github.com/Convict3d/mcp-go/transport/http/http.go:78.40,80.46 2 8
github.com/Convict3d/mcp-go/transport/http/http.go:80.46,82.5 1 6
github.com/Convict3d/mcp-go/transport/http/http.go:86.2,86.64 1 5
github.com/Convict3d/mcp-go/transport/http/http.go:100.48,101.25 1 2
github.com/Convict3d/mcp-go/transport/http/http.go:101.25,103.3 1 2
github.com/Convict3d/mcp-go/transport/http/http.go:107.58,108.25 1 2
github.com/Convict3d/mcp-go/transport/http/http.go:108.25,110.3 1 2
github.com/Convict3d/mcp-go/transport/http/http.go:114.43,115.25 1 4
github.com/Convict3d/mcp-go/transport/http/http.go:115.25,116.29 1 4
github.com/Convict3d/mcp-go/transport/http/http.go:116.29,118.4 1 0
github.com/Convict3d/mcp-go/transport/http/http.go:119.3,119.31 1 4
github.com/Convict3d/mcp-go/transport/http/http.go:124.30,126.2 1 2
github.com/Convict3d/mcp-go/transport/http/http.go:129.30,136.2 1 12
github.com/Convict3d/mcp-go/transport/http/http.go:146.72,151.27 3 7
github.com/Convict3d/mcp-go/transport/http/http.go:151.27,153.3 1 4
github.com/Convict3d/mcp-go/transport/http/http.go:155.2,160.43 2 7
github.com/Convict3d/mcp-go/transport/http/http.go:160.43,165.43 2 7
github.com/Convict3d/mcp-go/transport/http/http.go:165.43,167.5 1 9
github.com/Convict3d/mcp-go/transport/http/http.go:168.4,168.18 1 7
github.com/Convict3d/mcp-go/transport/http/http.go:172.2,176.3 1 7
github.com/Convict3d/mcp-go/transport/http/http.go:181.63,182.25 1 1
github.com/Convict3d/mcp-go/transport/http/http.go:182.25,184.3 1 0
github.com/Convict3d/mcp-go/transport/http/http.go:186.2,191.43 2 1
github.com/Convict3d/mcp-go/transport/http/http.go:191.43,196.43 2 1
github.com/Convict3d/mcp-go/transport/http/http.go:196.43,198.5 1 1
github.com/Convict3d/mcp-go/transport/http/http.go:199.4,199.18 1 1
github.com/Convict3d/mcp-go/transport/http/http.go:203.2,207.3 1 1
github.com/Convict3d/mcp-go/transport/http/http.go:211.115,212.22 1 2
github.com/Convict3d/mcp-go/transport/http/http.go:212.22,214.3 1 1
github.com/Convict3d/mcp-go/transport/http/http.go:215.2,215.57 1 1
github.com/Convict3d/mcp-go/transport/http/http.go:219.121,223.2 3 1
github.com/Convict3d/mcp-go/transport/http/http.go:226.47,228.2 1 1
github.com/Convict3d/mcp-go/transport/http/http.go:231.39,233.2 1 8
github.com/Convict3d/mcp-go/types/base.go:46.55,49.30 2 4
github.com/Convict3d/mcp-go/types/base.go:49.30,51.3 1 3
github.com/Convict3d/mcp-go/types/base.go:54.2,54.20 1 4
github.com/Convict3d/mcp-go/types/base.go:54.20,56.3 1 2
github.com/Convict3d/mcp-go/types/base.go:58.2,58.29 1 4
github.com/Convict3d/mcp-go/types/base.go:62.59,64.52 2 4
github.com/Convict3d/mcp-go/types/base.go:64.52,66.3 1 0
github.com/Convict3d/mcp-go/types/base.go:69.2,69.35 1 4
github.com/Convict3d/mcp-go/types/base.go:69.35,70.55 1 2
github.com/Convict3d/mcp-go/types/base.go:70.55,72.4 1 2
github.com/Convict3d/mcp-go/types/base.go:73.3,73.24 1 2
github.com/Convict3d/mcp-go/types/base.go:77.2,78.12 2 4
github.com/Convict3d/mcp-go/types/base.go:88.49,90.29 2 3
github.com/Convict3d/mcp-go/types/base.go:90.29,92.3 1 2
github.com/Convict3d/mcp-go/types/base.go:94.2,94.19 1 3
github.com/Convict3d/mcp-go/types/base.go:94.19,96.3 1 1
github.com/Convict3d/mcp-go/types/base.go:98.2,98.29 1 3
github.com/Convict3d/mcp-go/types/base.go:102.53,104.52 2 3
github.com/Convict3d/mcp-go/types/base.go:104.52,106.3 1 0
github.com/Convict3d/mcp-go/types/base.go:108.2,108.35 1 3
github.com/Convict3d/mcp-go/types/base.go:108.35,109.55 1 1
github.com/Convict3d/mcp-go/types/base.go:109.55,111.4 1 1
github.com/Convict3d/mcp-go/types/base.go:112.3,112.24 1 1
github.com/Convict3d/mcp-go/types/base.go:115.2,116.12 2 3
github.com/Convict3d/mcp-go/types/base.go:132.60,134.30 2 2
github.com/Convict3d/mcp-go/types/base.go:134.30,136.3 1 2
github.com/Convict3d/mcp-go/types/base.go:138.2,138.20 1 2
github.com/Convict3d/mcp-go/types/base.go:138.20,140.3 1 1
github.com/Convict3d/mcp-go/types/base.go:142.2,142.29 1 2
github.com/Convict3d/mcp-go/types/base.go:146.64,148.52 2 0
github.com/Convict3d/mcp-go/types/base.go:148.52,150.3 1 0
github.com/Convict3d/mcp-go/types/base.go:152.2,152.35 1 0
github.com/Convict3d/mcp-go/types/base.go:152.35,153.55 1 0
github.com/Convict3d/mcp-go/types/base.go:153.55,155.4 1 0
github.com/Convict3d/mcp-go/types/base.go:156.3,156.24 1 0
github.com/Convict3d/mcp-go/types/base.go:159.2,160.12 2 0
github.com/Convict3d/mcp-go/types/base.go:215.44,217.2 1 1
github.com/Convict3d/mcp-go/types/base.go:228.45,230.2 1 1
github.com/Convict3d/mcp-go/types/base.go:241.45,243.2 1 1
github.com/Convict3d/mcp-go/types/base.go:256.53,258.2 1 1
github.com/Convict3d/mcp-go/types/base.go:268.48,270.2 1 1
github.com/Convict3d/mcp-go/types/tools.go:72.59,74.38 2 0
github.com/Convict3d/mcp-go/types/tools.go:74.38,75.61 1 0
github.com/Convict3d/mcp-go/types/tools.go:75.61,76.83 1 0
github.com/Convict3d/mcp-go/types/tools.go:76.83,77.52 1 0
github.com/Convict3d/mcp-go/types/tools.go:77.52,83.83 2 0
github.com/Convict3d/mcp-go/types/tools.go:83.83,85.7 1 0
github.com/Convict3d/mcp-go/types/tools.go:86.6,86.40 1 0
github.com/Convict3d/mcp-go/types/tools.go:91.2,91.14 1 0
github.com/Convict3d/mcp-go/types/tools.go:95.54,98.34 3 0
github.com/Convict3d/mcp-go/types/tools.go:98.34,100.3 1 0
github.com/Convict3d/mcp-go/types/tools.go:101.2,101.14 1 0
github.com/Convict3d/mcp-go/types/tools.go:105.61,107.38 2 0
github.com/Convict3d/mcp-go/types/tools.go:107.38,108.61 1 0
github.com/Convict3d/mcp-go/types/tools.go:108.61,109.84 1 0
github.com/Convict3d/mcp-go/types/tools.go:109.84,111.52 2 0
github.com/Convict3d/mcp-go/types/tools.go:111.52,113.6 1 0
github.com/Convict3d/mcp-go/types/tools.go:114.5,114.60 1 0
github.com/Convict3d/mcp-go/types/tools.go:114.60,116.6 1 0
github.com/Convict3d/mcp-go/types/tools.go:118.5,118.82 1 0
github.com/Convict3d/mcp-go/types/tools.go:118.82,120.6 1 0
github.com/Convict3d/mcp-go/types/tools.go:121.5,121.35 1 0
github.com/Convict3d/mcp-go/types/tools.go:125.2,125.15 1 0
github.com/Convict3d/mcp-go/types/tools.go:129.61,131.38 2 0
github.com/Convict3d/mcp-go/types/tools.go:131.38,132.61 1 0
github.com/Convict3d/mcp-go/types/tools.go:132.61,133.84 1 0
github.com/Convict3d/mcp-go/types/tools.go:133.84,135.52 2 0
github.com/Convict3d/mcp-go/types/tools.go:135.52,137.6 1 0
github.com/Convict3d/mcp-go/types/tools.go:138.5,138.60 1 0
github.com/Convict3d/mcp-go/types/tools.go:138.60,140.6 1 0
github.com/Convict3d/mcp-go/types/tools.go:142.5,142.82 1 0
github.com/Convict3d/mcp-go/types/tools.go:142.82,144.6 1 0
github.com/Convict3d/mcp-go/types/tools.go:145.5,145.35 1 0
github.com/Convict3d/mcp-go/types/tools.go:149.2,149.15 1 0
github.com/Convict3d/mcp-go/types/tools.go:153.75,155.38 2 0
github.com/Convict3d/mcp-go/types/tools.go:155.38,156.61 1 0
github.com/Convict3d/mcp-go/types/tools.go:156.61,157.92 1 0
github.com/Convict3d/mcp-go/types/tools.go:157.92,159.50 2 0
github.com/Convict3d/mcp-go/types/tools.go:159.50,161.6 1 0
github.com/Convict3d/mcp-go/types/tools.go:162.5,162.52 1 0
github.com/Convict3d/mcp-go/types/tools.go:162.52,164.6 1 0
github.com/Convict3d/mcp-go/types/tools.go:165.5,165.66 1 0
github.com/Convict3d/mcp-go/types/tools.go:165.66,167.6 1 0
github.com/Convict3d/mcp-go/types/tools.go:168.5,168.60 1 0
github.com/Convict3d/mcp-go/types/tools.go:168.60,170.6 1 0
github.com/Convict3d/mcp-go/types/tools.go:172.5,172.82 1 0
github.com/Convict3d/mcp-go/types/tools.go:172.82,174.6 1 0
github.com/Convict3d/mcp-go/types/tools.go:175.5,175.56 1 0
github.com/Convict3d/mcp-go/types/tools.go:179.2,179.22 1 0
github.com/Convict3d/mcp-go/types/tools.go:183.67,185.38 2 0
github.com/Convict3d/mcp-go/types/tools.go:185.38,186.61 1 0
github.com/Convict3d/mcp-go/types/tools.go:186.61,187.87 1 0
github.com/Convict3d/mcp-go/types/tools.go:187.87,189.80 2 0
github.com/Convict3d/mcp-go/types/tools.go:189.80,192.6 2 0
github.com/Convict3d/mcp-go/types/tools.go:194.5,194.82 1 0
github.com/Convict3d/mcp-go/types/tools.go:194.82,196.6 1 0
github.com/Convict3d/mcp-go/types/tools.go:197.5,197.51 1 0
github.com/Convict3d/mcp-go/types/tools.go:201.2,201.18 1 0
github.com/Convict3d/mcp-go/types/tools.go:205.59,209.42 2 0
github.com/Convict3d/mcp-go/types/tools.go:209.42,211.3 1 0
github.com/Convict3d/mcp-go/types/tools.go:214.2,214.43 1 0
github.com/Convict3d/mcp-go/types/tools.go:214.43,216.3 1 0
github.com/Convict3d/mcp-go/types/tools.go:219.2,219.43 1 0
github.com/Convict3d/mcp-go/types/tools.go:219.43,221.3 1 0
github.com/Convict3d/mcp-go/types/tools.go:224.2,224.51 1 0
github.com/Convict3d/mcp-go/types/tools.go:224.51,226.3 1 0
github.com/Convict3d/mcp-go/types/tools.go:229.2,229.46 1 0
github.com/Convict3d/mcp-go/types/tools.go:229.46,231.3 1 0
github.com/Convict3d/mcp-go/types/tools.go:233.2,233.17 1 0
github.com/Convict3d/mcp-go/types/tools.go:237.52,238.27 1 0
github.com/Convict3d/mcp-go/types/tools.go:238.27,240.3 1 0
github.com/Convict3d/mcp-go/types/tools.go:241.2,241.67 1 0
github.com/Convict3d/mcp-go/types/tools.go:241.67,242.57 1 0
github.com/Convict3d/mcp-go/types/tools.go:242.57,244.4 1 0
github.com/Convict3d/mcp-go/types/tools.go:246.2,246.11 1 0
github.com/Convict3d/mcp-go/types/tools.go:250.74,253.67 2 0
github.com/Convict3d/mcp-go/types/tools.go:253.67,254.33 1 0
github.com/Convict3d/mcp-go/types/tools.go:254.33,255.40 1 0
github.com/Convict3d/mcp-go/types/tools.go:255.40,257.5 1 0
github.com/Convict3d/mcp-go/types/tools.go:261.2,261.61 1 0
github.com/Convict3d/mcp-go/types/tools.go:261.61,264.3 2 0
github.com/Convict3d/mcp-go/types/tools.go:266.2,266.20 1 0
github.com/Convict3d/mcp-go/types/tools.go:270.65,273.48 2 0
github.com/Convict3d/mcp-go/types/tools.go:273.48,275.3 1 0
github.com/Convict3d/mcp-go/types/tools.go:276.2,276.50 1 0
github.com/Convict3d/mcp-go/types/tools.go:276.50,278.3 1 0
github.com/Convict3d/mcp-go/types/tools.go:279.2,279.64 1 0
github.com/Convict3d/mcp-go/types/tools.go:279.64,281.3 1 0
github.com/Convict3d/mcp-go/types/tools.go:282.2,282.58 1 0
github.com/Convict3d/mcp-go/types/tools.go:282.58,284.3 1 0
github.com/Convict3d/mcp-go/types/tools.go:285.2,285.51 1 0
github.com/Convict3d/mcp-go/types/tools.go:285.51,288.3 2 0
github.com/Convict3d/mcp-go/types/tools.go:291.2,291.80 1 0
github.com/Convict3d/mcp-go/types/tools.go:291.80,293.3 1 0
github.com/Convict3d/mcp-go/types/tools.go:295.2,295.17 1 0
github.com/Convict3d/mcp-go/transport/stdio/stdio.go:57.41,58.25 1 0
github.com/Convict3d/mcp-go/transport/stdio/stdio.go:58.25,60.3 1 0
github.com/Convict3d/mcp-go/transport/stdio/stdio.go:64.38,65.25 1 0
github.com/Convict3d/mcp-go/transport/stdio/stdio.go:65.25,67.3 1 0
github.com/Convict3d/mcp-go/transport/stdio/stdio.go:71.40,72.25 1 2
github.com/Convict3d/mcp-go/transport/stdio/stdio.go:72.25,74.3 1 2
github.com/Convict3d/mcp-go/transport/stdio/stdio.go:78.35,79.25 1 2
github.com/Convict3d/mcp-go/transport/stdio/stdio.go:79.25,81.3 1 2
github.com/Convict3d/mcp-go/transport/stdio/stdio.go:85.48,86.25 1 2
github.com/Convict3d/mcp-go/transport/stdio/stdio.go:86.25,88.3 1 2
github.com/Convict3d/mcp-go/transport/stdio/stdio.go:92.30,99.2 1 15
github.com/Convict3d/mcp-go/transport/stdio/stdio.go:102.86,108.27 4 14
github.com/Convict3d/mcp-go/transport/stdio/stdio.go:108.27,110.3 1 3
github.com/Convict3d/mcp-go/transport/stdio/stdio.go:112.2,112.40 1 14
github.com/Convict3d/mcp-go/transport/stdio/stdio.go:118.116,132.19 2 1
github.com/Convict3d/mcp-go/transport/stdio/stdio.go:132.19,134.3 1 1
github.com/Convict3d/mcp-go/transport/stdio/stdio.go:137.2,139.23 2 1
github.com/Convict3d/mcp-go/transport/stdio/stdio.go:144.47,151.2 1 1
github.com/Convict3d/mcp-go/transport/stdio/stdio.go:158.36,160.2 1 3
github.com/Convict3d/mcp-go/transport/stdio/stdio.go:163.64,164.26 1 14
github.com/Convict3d/mcp-go/transport/stdio/stdio.go:164.26,166.3 1 1
github.com/Convict3d/mcp-go/transport/stdio/stdio.go:169.2,170.29 2 13
github.com/Convict3d/mcp-go/transport/stdio/stdio.go:170.29,172.3 1 1
github.com/Convict3d/mcp-go/transport/stdio/stdio.go:173.2,173.25 1 13
github.com/Convict3d/mcp-go/transport/stdio/stdio.go:173.25,175.3 1 13
github.com/Convict3d/mcp-go/transport/stdio/stdio.go:178.2,179.16 2 13
github.com/Convict3d/mcp-go/transport/stdio/stdio.go:179.16,181.3 1 0
github.com/Convict3d/mcp-go/transport/stdio/stdio.go:183.2,184.16 2 13
github.com/Convict3d/mcp-go/transport/stdio/stdio.go:184.16,187.3 2 0
github.com/Convict3d/mcp-go/transport/stdio/stdio.go:189.2,190.16 2 13
github.com/Convict3d/mcp-go/transport/stdio/stdio.go:190.16,194.3 3 0
github.com/Convict3d/mcp-go/transport/stdio/stdio.go:197.2,197.36 1 13
github.com/Convict3d/mcp-go/transport/stdio/stdio.go:197.36,202.3 4 1
github.com/Convict3d/mcp-go/transport/stdio/stdio.go:204.2,222.23 4 12
github.com/Convict3d/mcp-go/transport/stdio/stdio.go:226.36,229.6 2 13
github.com/Convict3d/mcp-go/transport/stdio/stdio.go:229.6,230.10 1 14
github.com/Convict3d/mcp-go/transport/stdio/stdio.go:231.23,232.10 1 10
github.com/Convict3d/mcp-go/transport/stdio/stdio.go:233.11,234.25 1 4
github.com/Convict3d/mcp-go/transport/stdio/stdio.go:234.25,235.43 1 3
github.com/Convict3d/mcp-go/transport/stdio/stdio.go:235.43,237.6 1 2
github.com/Convict3d/mcp-go/transport/stdio/stdio.go:238.5,238.11 1 3
github.com/Convict3d/mcp-go/transport/stdio/stdio.go:241.4,242.18 2 1
github.com/Convict3d/mcp-go/transport/stdio/stdio.go:242.18,243.13 1 0
github.com/Convict3d/mcp-go/transport/stdio/stdio.go:246.4,246.26 1 1
github.com/Convict3d/mcp-go/transport/stdio/stdio.go:252.49,254.63 2 1
github.com/Convict3d/mcp-go/transport/stdio/stdio.go:254.63,257.3 2 1
github.com/Convict3d/mcp-go/transport/stdio/stdio.go:260.2,260.39 1 0
github.com/Convict3d/mcp-go/transport/stdio/stdio.go:260.39,261.51 1 0
github.com/Convict3d/mcp-go/transport/stdio/stdio.go:261.51,264.4 2 0
github.com/Convict3d/mcp-go/transport/stdio/stdio.go:265.3,265.48 1 0
github.com/Convict3d/mcp-go/transport/stdio/stdio.go:265.48,268.4 2 0
github.com/Convict3d/mcp-go/transport/stdio/stdio.go:271.3,272.9 2 0
github.com/Convict3d/mcp-go/transport/stdio/stdio.go:276.2,276.31 1 0
github.com/Convict3d/mcp-go/transport/stdio/stdio.go:280.84,282.9 2 0
github.com/Convict3d/mcp-go/transport/stdio/stdio.go:282.9,284.3 1 0
github.com/Convict3d/mcp-go/transport/stdio/stdio.go:286.2,290.12 4 0
github.com/Convict3d/mcp-go/transport/stdio/stdio.go:290.12,292.3 1 0
github.com/Convict3d/mcp-go/transport/stdio/stdio.go:293.2,295.12 2 0
github.com/Convict3d/mcp-go/transport/stdio/stdio.go:295.12,299.56 2 0
github.com/Convict3d/mcp-go/transport/stdio/stdio.go:299.56,301.4 1 0
github.com/Convict3d/mcp-go/transport/stdio/stdio.go:304.3,304.56 1 0
github.com/Convict3d/mcp-go/transport/stdio/stdio.go:304.56,305.62 1 0
github.com/Convict3d/mcp-go/transport/stdio/stdio.go:305.62,308.51 2 0
github.com/Convict3d/mcp-go/transport/stdio/stdio.go:308.51,310.6 1 0
github.com/Convict3d/mcp-go/transport/stdio/stdio.go:311.5,311.52 1 0
github.com/Convict3d/mcp-go/transport/stdio/stdio.go:311.52,313.6 1 0
github.com/Convict3d/mcp-go/transport/stdio/stdio.go:314.5,314.41 1 0
github.com/Convict3d/mcp-go/transport/stdio/stdio.go:314.41,316.6 1 0
github.com/Convict3d/mcp-go/transport/stdio/stdio.go:318.5,318.30 1 0
github.com/Convict3d/mcp-go/transport/stdio/stdio.go:322.3,322.10 1 0
github.com/Convict3d/mcp-go/transport/stdio/stdio.go:323.33,323.33 0 0
github.com/Convict3d/mcp-go/transport/stdio/stdio.go:324.38,324.38 0 0
github.com/Convict3d/mcp-go/transport/stdio/stdio.go:331.89,333.9 2 2
github.com/Convict3d/mcp-go/transport/stdio/stdio.go:333.9,336.3 2 0
github.com/Convict3d/mcp-go/transport/stdio/stdio.go:338.2,340.29 2 2
github.com/Convict3d/mcp-go/transport/stdio/stdio.go:340.29,342.17 2 1
github.com/Convict3d/mcp-go/transport/stdio/stdio.go:342.17,344.4 1 0
github.com/Convict3d/mcp-go/transport/stdio/stdio.go:344.9,346.4 1 1
github.com/Convict3d/mcp-go/transport/stdio/stdio.go:347.8,349.3 1 1
github.com/Convict3d/mcp-go/transport/stdio/stdio.go:353.72,355.9 2 2
github.com/Convict3d/mcp-go/transport/stdio/stdio.go:355.9,357.3 1 0
github.com/Convict3d/mcp-go/transport/stdio/stdio.go:359.2,361.34 2 2
github.com/Convict3d/mcp-go/transport/stdio/stdio.go:361.34,363.3 1 1
github.com/Convict3d/mcp-go/transport/stdio/stdio.go:367.81,378.2 2 1
github.com/Convict3d/mcp-go/transport/stdio/stdio.go:381.77,389.2 2 1
github.com/Convict3d/mcp-go/transport/stdio/stdio.go:392.60,394.16 2 3
github.com/Convict3d/mcp-go/transport/stdio/stdio.go:394.16,396.3 1 0
github.com/Convict3d/mcp-go/transport/stdio/stdio.go:398.2,401.14 3 3
github.com/Convict3d/mcp-go/transport/stdio/stdio.go:401.14,403.3 1 0
github.com/Convict3d/mcp-go/transport/stdio/stdio.go:405.2,406.12 2 3
github.com/Convict3d/mcp-go/transport/stdio/stdio.go:410.47,412.2 1 2
github.com/Convict3d/mcp-go/transport/stdio/stdio.go:415.93,417.2 1 1
github.com/Convict3d/mcp-go/transport/stdio/stdio.go:420.109,422.2 1 1
github.com/Convict3d/mcp-go/transport/stdio/stdio.go:425.34,427.21 2 13
github.com/Convict3d/mcp-go/transport/stdio/stdio.go:427.21,431.3 1 0
github.com/Convict3d/mcp-go/transport/stdio/stdio.go:435.111,437.14 2 0
github.com/Convict3d/mcp-go/transport/stdio/stdio.go:437.14,440.3 2 0
github.com/Convict3d/mcp-go/transport/stdio/stdio.go:441.2,451.21 4 0
github.com/Convict3d/mcp-go/transport/stdio/stdio.go:451.21,453.3 1 0
github.com/Convict3d/mcp-go/transport/stdio/stdio.go:456.2,463.15 5 0
github.com/Convict3d/mcp-go/transport/stdio/stdio.go:463.15,468.3 4 0
github.com/Convict3d/mcp-go/transport/stdio/stdio.go:471.2,471.47 1 0
github.com/Convict3d/mcp-go/transport/stdio/stdio.go:471.47,473.3 1 0
github.com/Convict3d/mcp-go/transport/stdio/stdio.go:476.2,476.9 1 0
github.com/Convict3d/mcp-go/transport/stdio/stdio.go:477.34,478.28 1 0
github.com/Convict3d/mcp-go/transport/stdio/stdio.go:478.28,480.4 1 0
github.com/Convict3d/mcp-go/transport/stdio/stdio.go:482.3,482.46 1 0
github.com/Convict3d/mcp-go/transport/stdio/stdio.go:482.46,484.18 2 0
github.com/Convict3d/mcp-go/transport/stdio/stdio.go:484.18,486.5 1 0
github.com/Convict3d/mcp-go/transport/stdio/stdio.go:488.4,488.62 1 0
github.com/Convict3d/mcp-go/transport/stdio/stdio.go:488.62,490.5 1 0
github.com/Convict3d/mcp-go/transport/stdio/stdio.go:493.3,493.13 1 0
github.com/Convict3d/mcp-go/transport/stdio/stdio.go:495.20,496.19 1 0
github.com/Convict3d/mcp-go/transport/stdio/stdio.go:498.38,499.39 1 0
github.com/Convict3d/mcp-go/transport/stdio/stdio.go:504.117,508.2 3 0
github.com/Convict3d/mcp-go/transport/stdio/stdio.go:511.43,515.2 3 1
github.com/Convict3d/mcp-go/transport/stdio/stdio.go:518.35,522.14 3 14
github.com/Convict3d/mcp-go/transport/stdio/stdio.go:522.14,524.3 1 1
github.com/Convict3d/mcp-go/transport/stdio/stdio.go:526.2,533.40 4 13
github.com/Convict3d/mcp-go/transport/stdio/stdio.go:533.40,534.10 1 0
github.com/Convict3d/mcp-go/transport/stdio/stdio.go:540.5,540.5 0 0
github.com/Convict3d/mcp-go/transport/stdio/stdio.go:541.11,541.11 0 0
github.com/Convict3d/mcp-go/transport/stdio/stdio.go:543.3,543.32 1 0
github.com/Convict3d/mcp-go/transport/stdio/stdio.go:545.2,548.20 2 13
github.com/Convict3d/mcp-go/transport/stdio/stdio.go:548.20,550.3 1 13
github.com/Convict3d/mcp-go/transport/stdio/stdio.go:551.2,551.21 1 13
github.com/Convict3d/mcp-go/transport/stdio/stdio.go:551.21,553.3 1 13
github.com/Convict3d/mcp-go/transport/stdio/stdio.go:554.2,554.21 1 13
github.com/Convict3d/mcp-go/transport/stdio/stdio.go:554.21,556.3 1 13
github.com/Convict3d/mcp-go/transport/stdio/stdio.go:559.2,559.9 1 13
github.com/Convict3d/mcp-go/transport/stdio/stdio.go:560.22,560.22 0 13
github.com/Convict3d/mcp-go/transport/stdio/stdio.go:561.37,561.37 0 0
github.com/Convict3d/mcp-go/transport/stdio/stdio.go:565.2,565.42 1 13
github.com/Convict3d/mcp-go/transport/stdio/stdio.go:565.42,568.13 2 12
github.com/Convict3d/mcp-go/transport/stdio/stdio.go:568.13,570.4 1 12
github.com/Convict3d/mcp-go/transport/stdio/stdio.go:572.3,572.10 1 12
github.com/Convict3d/mcp-go/transport/stdio/stdio.go:573.22,574.14 1 12
github.com/Convict3d/mcp-go/transport/stdio/stdio.go:575.38,577.28 1 0
github.com/Convict3d/mcp-go/transport/stdio/stdio.go:577.28,580.5 2 0
github.com/Convict3d/mcp-go/transport/stdio/stdio.go:584.2,584.12 1 1
